2024-01-16 16:11:04,552 [Worker-8: Loading available Gradle versions] INFO  o.e.b.c.i.u.g.PublishedGradleVersions - Gradle version information cache is up-to-date. Trying to read.
2024-01-17 12:15:21,440 [Worker-7: Loading available Gradle versions] INFO  o.e.b.c.i.u.g.PublishedGradleVersions - Gradle version information cache is up-to-date. Trying to read.
2024-01-17 13:22:46,709 [Worker-7: Loading available Gradle versions] INFO  o.e.b.c.i.u.g.PublishedGradleVersions - Gradle version information cache is up-to-date. Trying to read.
2024-01-18 11:52:54,934 [Worker-6: Loading available Gradle versions] INFO  o.e.b.c.i.u.g.PublishedGradleVersions - Gradle version information cache is up-to-date. Trying to read.
2024-01-18 14:29:44,246 [Worker-7: Loading available Gradle versions] INFO  o.e.b.c.i.u.g.PublishedGradleVersions - Gradle version information cache is up-to-date. Trying to read.
2024-01-19 10:22:59,574 [Worker-8: Loading available Gradle versions] INFO  o.e.b.c.i.u.g.PublishedGradleVersions - Gradle version information cache is up-to-date. Trying to read.
2024-01-19 13:09:56,940 [Worker-7: Loading available Gradle versions] INFO  o.e.b.c.i.u.g.PublishedGradleVersions - Gradle version information cache is up-to-date. Trying to read.
2024-01-19 16:45:13,907 [Worker-7: Loading available Gradle versions] INFO  o.e.b.c.i.u.g.PublishedGradleVersions - Gradle version information cache is up-to-date. Trying to read.
2024-01-19 18:05:01,770 [Worker-52: Building] INFO  o.e.m.c.i.l.LifecycleMappingFactory - Using DEFAULT lifecycle mapping for MavenProject: dk.sdu.bdd.xtext:dk.sdu.bdd.xtext:1.0.0-SNAPSHOT @ C:\Users\ansil\eclipse-workspace\projectDrawingSquare\DSLRobotDrawing\dk.sdu.bdd.xtext.parent\dk.sdu.bdd.xtext\pom.xml.
2024-01-19 18:05:02,665 [Worker-45: Updating Maven Dependencies] INFO  o.e.m.c.i.l.LifecycleMappingFactory - Using NULL lifecycle mapping for MavenProject: dk.sdu.bdd.xtext:dk.sdu.bdd.xtext.parent:1.0.0-SNAPSHOT @ C:\Users\ansil\eclipse-workspace\projectDrawingSquare\DSLRobotDrawing\dk.sdu.bdd.xtext.parent\pom.xml.
2024-01-19 18:05:02,751 [Worker-45: Updating Maven Dependencies] INFO  o.e.m.c.i.l.LifecycleMappingFactory - Using DEFAULT lifecycle mapping for MavenProject: dk.sdu.bdd.xtext:dk.sdu.bdd.xtext:1.0.0-SNAPSHOT @ C:\Users\ansil\eclipse-workspace\projectDrawingSquare\DSLRobotDrawing\dk.sdu.bdd.xtext.parent\dk.sdu.bdd.xtext\pom.xml.
2024-01-19 18:05:03,026 [Worker-52: Building] INFO  o.e.m.c.i.embedder.EclipseLogger - Using 'UTF-8' encoding to copy filtered resources.
2024-01-19 18:05:03,026 [Worker-52: Building] INFO  o.e.m.c.i.embedder.EclipseLogger - skip non existing resourceDirectory C:\Users\ansil\eclipse-workspace\projectDrawingSquare\DSLRobotDrawing\dk.sdu.bdd.xtext.parent\dk.sdu.bdd.xtext\src\main\resources
2024-01-19 18:05:03,029 [Worker-52: Building] INFO  o.e.m.c.i.embedder.EclipseLogger - Using 'UTF-8' encoding to copy filtered resources.
2024-01-19 18:05:03,029 [Worker-52: Building] INFO  o.e.m.c.i.embedder.EclipseLogger - skip non existing resourceDirectory C:\Users\ansil\eclipse-workspace\projectDrawingSquare\DSLRobotDrawing\dk.sdu.bdd.xtext.parent\dk.sdu.bdd.xtext\src\test\resources
2024-01-19 18:05:12,645 [Worker-49: Building] INFO  o.e.m.c.i.embedder.EclipseLogger - Using 'UTF-8' encoding to copy filtered resources.
2024-01-19 18:05:12,646 [Worker-49: Building] INFO  o.e.m.c.i.embedder.EclipseLogger - skip non existing resourceDirectory C:\Users\ansil\eclipse-workspace\projectDrawingSquare\DSLRobotDrawing\dk.sdu.bdd.xtext.parent\dk.sdu.bdd.xtext\src\main\resources
2024-01-19 18:05:12,648 [Worker-49: Building] INFO  o.e.m.c.i.embedder.EclipseLogger - Using 'UTF-8' encoding to copy filtered resources.
2024-01-19 18:05:12,648 [Worker-49: Building] INFO  o.e.m.c.i.embedder.EclipseLogger - skip non existing resourceDirectory C:\Users\ansil\eclipse-workspace\projectDrawingSquare\DSLRobotDrawing\dk.sdu.bdd.xtext.parent\dk.sdu.bdd.xtext\src\test\resources
2024-01-19 18:05:14,507 [Worker-49: Building] INFO  o.e.m.c.i.embedder.EclipseLogger - Using 'UTF-8' encoding to copy filtered resources.
2024-01-19 18:05:14,507 [Worker-49: Building] INFO  o.e.m.c.i.embedder.EclipseLogger - skip non existing resourceDirectory C:\Users\ansil\eclipse-workspace\projectDrawingSquare\DSLRobotDrawing\dk.sdu.bdd.xtext.parent\dk.sdu.bdd.xtext\src\main\resources
2024-01-19 18:05:14,507 [Worker-49: Building] INFO  o.e.m.c.i.embedder.EclipseLogger - Using 'UTF-8' encoding to copy filtered resources.
2024-01-19 18:05:14,507 [Worker-49: Building] INFO  o.e.m.c.i.embedder.EclipseLogger - skip non existing resourceDirectory C:\Users\ansil\eclipse-workspace\projectDrawingSquare\DSLRobotDrawing\dk.sdu.bdd.xtext.parent\dk.sdu.bdd.xtext\src\test\resources
2024-01-19 18:05:14,900 [Worker-49: Building] INFO  o.e.m.c.i.l.LifecycleMappingFactory - Using DEFAULT lifecycle mapping for MavenProject: dk.sdu.bdd.xtext:dk.sdu.bdd.xtext.ide:1.0.0-SNAPSHOT @ C:\Users\ansil\eclipse-workspace\projectDrawingSquare\DSLRobotDrawing\dk.sdu.bdd.xtext.parent\dk.sdu.bdd.xtext.ide\pom.xml.
2024-01-19 18:05:15,621 [Worker-49: Building] INFO  o.e.m.c.i.embedder.EclipseLogger - Using 'UTF-8' encoding to copy filtered resources.
2024-01-19 18:05:15,629 [Worker-49: Building] INFO  o.e.m.c.i.embedder.EclipseLogger - skip non existing resourceDirectory C:\Users\ansil\eclipse-workspace\projectDrawingSquare\DSLRobotDrawing\dk.sdu.bdd.xtext.parent\dk.sdu.bdd.xtext.ide\src\main\resources
2024-01-19 18:05:15,631 [Worker-49: Building] INFO  o.e.m.c.i.embedder.EclipseLogger - Using 'UTF-8' encoding to copy filtered resources.
2024-01-19 18:05:15,631 [Worker-49: Building] INFO  o.e.m.c.i.embedder.EclipseLogger - skip non existing resourceDirectory C:\Users\ansil\eclipse-workspace\projectDrawingSquare\DSLRobotDrawing\dk.sdu.bdd.xtext.parent\dk.sdu.bdd.xtext.ide\src\test\resources
2024-01-19 18:05:16,472 [Worker-49: Building] INFO  o.e.m.c.i.embedder.EclipseLogger - Using 'UTF-8' encoding to copy filtered resources.
2024-01-19 18:05:16,476 [Worker-49: Building] INFO  o.e.m.c.i.embedder.EclipseLogger - skip non existing resourceDirectory C:\Users\ansil\eclipse-workspace\projectDrawingSquare\DSLRobotDrawing\dk.sdu.bdd.xtext.parent\dk.sdu.bdd.xtext.ide\src\main\resources
2024-01-19 18:05:16,476 [Worker-49: Building] INFO  o.e.m.c.i.embedder.EclipseLogger - Using 'UTF-8' encoding to copy filtered resources.
2024-01-19 18:05:16,476 [Worker-49: Building] INFO  o.e.m.c.i.embedder.EclipseLogger - skip non existing resourceDirectory C:\Users\ansil\eclipse-workspace\projectDrawingSquare\DSLRobotDrawing\dk.sdu.bdd.xtext.parent\dk.sdu.bdd.xtext.ide\src\test\resources
2024-01-19 18:05:17,076 [Worker-49: Building] INFO  o.e.m.c.i.embedder.EclipseLogger - Using 'UTF-8' encoding to copy filtered resources.
2024-01-19 18:05:17,076 [Worker-49: Building] INFO  o.e.m.c.i.embedder.EclipseLogger - skip non existing resourceDirectory C:\Users\ansil\eclipse-workspace\projectDrawingSquare\DSLRobotDrawing\dk.sdu.bdd.xtext.parent\dk.sdu.bdd.xtext.ide\src\main\resources
2024-01-19 18:05:17,079 [Worker-49: Building] INFO  o.e.m.c.i.embedder.EclipseLogger - Using 'UTF-8' encoding to copy filtered resources.
2024-01-19 18:05:17,080 [Worker-49: Building] INFO  o.e.m.c.i.embedder.EclipseLogger - skip non existing resourceDirectory C:\Users\ansil\eclipse-workspace\projectDrawingSquare\DSLRobotDrawing\dk.sdu.bdd.xtext.parent\dk.sdu.bdd.xtext.ide\src\test\resources
2024-01-19 18:05:17,798 [Worker-49: Building] INFO  o.e.m.c.i.l.LifecycleMappingFactory - Using DEFAULT lifecycle mapping for MavenProject: dk.sdu.bdd.xtext:dk.sdu.bdd.xtext.tests:1.0.0-SNAPSHOT @ C:\Users\ansil\eclipse-workspace\projectDrawingSquare\DSLRobotDrawing\dk.sdu.bdd.xtext.parent\dk.sdu.bdd.xtext.tests\pom.xml.
2024-01-19 18:05:17,813 [Worker-49: Building] INFO  o.e.m.c.i.embedder.EclipseLogger - Using 'UTF-8' encoding to copy filtered resources.
2024-01-19 18:05:17,813 [Worker-49: Building] INFO  o.e.m.c.i.embedder.EclipseLogger - skip non existing resourceDirectory C:\Users\ansil\eclipse-workspace\projectDrawingSquare\DSLRobotDrawing\dk.sdu.bdd.xtext.parent\dk.sdu.bdd.xtext.tests\src\main\resources
2024-01-19 18:05:17,813 [Worker-49: Building] INFO  o.e.m.c.i.embedder.EclipseLogger - Using 'UTF-8' encoding to copy filtered resources.
2024-01-19 18:05:17,813 [Worker-49: Building] INFO  o.e.m.c.i.embedder.EclipseLogger - skip non existing resourceDirectory C:\Users\ansil\eclipse-workspace\projectDrawingSquare\DSLRobotDrawing\dk.sdu.bdd.xtext.parent\dk.sdu.bdd.xtext.tests\src\test\resources
2024-01-19 18:05:18,941 [Worker-49: Building] INFO  o.e.m.c.i.embedder.EclipseLogger - Using 'UTF-8' encoding to copy filtered resources.
2024-01-19 18:05:18,941 [Worker-49: Building] INFO  o.e.m.c.i.embedder.EclipseLogger - skip non existing resourceDirectory C:\Users\ansil\eclipse-workspace\projectDrawingSquare\DSLRobotDrawing\dk.sdu.bdd.xtext.parent\dk.sdu.bdd.xtext.tests\src\main\resources
2024-01-19 18:05:18,954 [Worker-49: Building] INFO  o.e.m.c.i.embedder.EclipseLogger - Using 'UTF-8' encoding to copy filtered resources.
2024-01-19 18:05:18,954 [Worker-49: Building] INFO  o.e.m.c.i.embedder.EclipseLogger - skip non existing resourceDirectory C:\Users\ansil\eclipse-workspace\projectDrawingSquare\DSLRobotDrawing\dk.sdu.bdd.xtext.parent\dk.sdu.bdd.xtext.tests\src\test\resources
2024-01-19 18:05:19,731 [Worker-49: Building] INFO  o.e.m.c.i.embedder.EclipseLogger - Using 'UTF-8' encoding to copy filtered resources.
2024-01-19 18:05:19,733 [Worker-49: Building] INFO  o.e.m.c.i.embedder.EclipseLogger - skip non existing resourceDirectory C:\Users\ansil\eclipse-workspace\projectDrawingSquare\DSLRobotDrawing\dk.sdu.bdd.xtext.parent\dk.sdu.bdd.xtext.tests\src\main\resources
2024-01-19 18:05:19,733 [Worker-49: Building] INFO  o.e.m.c.i.embedder.EclipseLogger - Using 'UTF-8' encoding to copy filtered resources.
2024-01-19 18:05:19,733 [Worker-49: Building] INFO  o.e.m.c.i.embedder.EclipseLogger - skip non existing resourceDirectory C:\Users\ansil\eclipse-workspace\projectDrawingSquare\DSLRobotDrawing\dk.sdu.bdd.xtext.parent\dk.sdu.bdd.xtext.tests\src\test\resources
2024-01-19 18:05:19,919 [Worker-49: Building] INFO  o.e.m.c.i.l.LifecycleMappingFactory - Using DEFAULT lifecycle mapping for MavenProject: dk.sdu.bdd.xtext:dk.sdu.bdd.xtext.ui:1.0.0-SNAPSHOT @ C:\Users\ansil\eclipse-workspace\projectDrawingSquare\DSLRobotDrawing\dk.sdu.bdd.xtext.parent\dk.sdu.bdd.xtext.ui\pom.xml.
2024-01-19 18:05:19,933 [Worker-49: Building] INFO  o.e.m.c.i.embedder.EclipseLogger - Using 'UTF-8' encoding to copy filtered resources.
2024-01-19 18:05:19,933 [Worker-49: Building] INFO  o.e.m.c.i.embedder.EclipseLogger - skip non existing resourceDirectory C:\Users\ansil\eclipse-workspace\projectDrawingSquare\DSLRobotDrawing\dk.sdu.bdd.xtext.parent\dk.sdu.bdd.xtext.ui\src\main\resources
2024-01-19 18:05:19,935 [Worker-49: Building] INFO  o.e.m.c.i.embedder.EclipseLogger - Using 'UTF-8' encoding to copy filtered resources.
2024-01-19 18:05:19,935 [Worker-49: Building] INFO  o.e.m.c.i.embedder.EclipseLogger - skip non existing resourceDirectory C:\Users\ansil\eclipse-workspace\projectDrawingSquare\DSLRobotDrawing\dk.sdu.bdd.xtext.parent\dk.sdu.bdd.xtext.ui\src\test\resources
2024-01-19 18:05:22,773 [Worker-49: Building] INFO  o.e.m.c.i.embedder.EclipseLogger - Using 'UTF-8' encoding to copy filtered resources.
2024-01-19 18:05:22,773 [Worker-49: Building] INFO  o.e.m.c.i.embedder.EclipseLogger - skip non existing resourceDirectory C:\Users\ansil\eclipse-workspace\projectDrawingSquare\DSLRobotDrawing\dk.sdu.bdd.xtext.parent\dk.sdu.bdd.xtext.ui\src\main\resources
2024-01-19 18:05:22,778 [Worker-49: Building] INFO  o.e.m.c.i.embedder.EclipseLogger - Using 'UTF-8' encoding to copy filtered resources.
2024-01-19 18:05:22,778 [Worker-49: Building] INFO  o.e.m.c.i.embedder.EclipseLogger - skip non existing resourceDirectory C:\Users\ansil\eclipse-workspace\projectDrawingSquare\DSLRobotDrawing\dk.sdu.bdd.xtext.parent\dk.sdu.bdd.xtext.ui\src\test\resources
2024-01-19 18:05:24,630 [Worker-49: Building] INFO  o.e.m.c.i.embedder.EclipseLogger - Using 'UTF-8' encoding to copy filtered resources.
2024-01-19 18:05:24,630 [Worker-49: Building] INFO  o.e.m.c.i.embedder.EclipseLogger - skip non existing resourceDirectory C:\Users\ansil\eclipse-workspace\projectDrawingSquare\DSLRobotDrawing\dk.sdu.bdd.xtext.parent\dk.sdu.bdd.xtext.ui\src\main\resources
2024-01-19 18:05:24,630 [Worker-49: Building] INFO  o.e.m.c.i.embedder.EclipseLogger - Using 'UTF-8' encoding to copy filtered resources.
2024-01-19 18:05:24,630 [Worker-49: Building] INFO  o.e.m.c.i.embedder.EclipseLogger - skip non existing resourceDirectory C:\Users\ansil\eclipse-workspace\projectDrawingSquare\DSLRobotDrawing\dk.sdu.bdd.xtext.parent\dk.sdu.bdd.xtext.ui\src\test\resources
2024-01-19 18:05:24,820 [Worker-49: Building] INFO  o.e.m.c.i.l.LifecycleMappingFactory - Using DEFAULT lifecycle mapping for MavenProject: dk.sdu.bdd.xtext:dk.sdu.bdd.xtext.ui.tests:1.0.0-SNAPSHOT @ C:\Users\ansil\eclipse-workspace\projectDrawingSquare\DSLRobotDrawing\dk.sdu.bdd.xtext.parent\dk.sdu.bdd.xtext.ui.tests\pom.xml.
2024-01-19 18:05:24,836 [Worker-49: Building] INFO  o.e.m.c.i.embedder.EclipseLogger - Using 'UTF-8' encoding to copy filtered resources.
2024-01-19 18:05:24,836 [Worker-49: Building] INFO  o.e.m.c.i.embedder.EclipseLogger - skip non existing resourceDirectory C:\Users\ansil\eclipse-workspace\projectDrawingSquare\DSLRobotDrawing\dk.sdu.bdd.xtext.parent\dk.sdu.bdd.xtext.ui.tests\src\main\resources
2024-01-19 18:05:24,836 [Worker-49: Building] INFO  o.e.m.c.i.embedder.EclipseLogger - Using 'UTF-8' encoding to copy filtered resources.
2024-01-19 18:05:24,836 [Worker-49: Building] INFO  o.e.m.c.i.embedder.EclipseLogger - skip non existing resourceDirectory C:\Users\ansil\eclipse-workspace\projectDrawingSquare\DSLRobotDrawing\dk.sdu.bdd.xtext.parent\dk.sdu.bdd.xtext.ui.tests\src\test\resources
2024-01-19 18:05:26,869 [Worker-49: Building] INFO  o.e.m.c.i.l.LifecycleMappingFactory - Using org.eclipse.m2e.jdt.JarLifecycleMapping lifecycle mapping for MavenProject: dk.sdu.bdd.xtext:dk.sdu.bdd.xtext.web:1.0.0-SNAPSHOT @ C:\Users\ansil\eclipse-workspace\projectDrawingSquare\DSLRobotDrawing\dk.sdu.bdd.xtext.parent\dk.sdu.bdd.xtext.web\pom.xml.
2024-01-19 18:05:27,805 [Worker-49: Building] INFO  o.e.m.c.i.p.WorkspaceClassifierResolverManager - Resolving P/dk.sdu.bdd.text: dk.sdu.bdd.xtext:dk.sdu.bdd.xtext:1.0.0-SNAPSHOT with classifier  to /dk.sdu.bdd.text/target/classes
2024-01-19 18:05:27,805 [Worker-49: Building] INFO  o.e.m.c.i.p.WorkspaceClassifierResolverManager - Resolving P/dk.sdu.bdd.text.ide: dk.sdu.bdd.xtext:dk.sdu.bdd.xtext.ide:1.0.0-SNAPSHOT with classifier  to /dk.sdu.bdd.text.ide/target/classes
2024-01-19 18:05:30,897 [Worker-49: Building] INFO  o.a.m.s.f.DefaultMavenResourcesFiltering - Copying 0 resource from src to target\classes
2024-01-19 18:05:30,897 [Worker-49: Building] INFO  o.a.m.s.f.DefaultMavenResourcesFiltering - skip non existing resourceDirectory C:\Users\ansil\eclipse-workspace\projectDrawingSquare\DSLRobotDrawing\dk.sdu.bdd.xtext.parent\dk.sdu.bdd.xtext.web\src\test\resources
2024-01-19 18:05:33,876 [Worker-48: Building] INFO  o.a.m.s.f.DefaultMavenResourcesFiltering - Copying 0 resource from src to target\classes
2024-01-19 18:05:33,878 [Worker-48: Building] INFO  o.a.m.s.f.DefaultMavenResourcesFiltering - skip non existing resourceDirectory C:\Users\ansil\eclipse-workspace\projectDrawingSquare\DSLRobotDrawing\dk.sdu.bdd.xtext.parent\dk.sdu.bdd.xtext.web\src\test\resources
2024-01-19 18:07:25,640 [Worker-7: Loading available Gradle versions] INFO  o.e.b.c.i.u.g.PublishedGradleVersions - Gradle version information cache is up-to-date. Trying to read.
2024-01-19 18:07:39,350 [Worker-11: Building] INFO  o.e.m.c.i.p.WorkspaceClassifierResolverManager - Resolving P/dk.sdu.bdd.text: dk.sdu.bdd.xtext:dk.sdu.bdd.xtext:1.0.0-SNAPSHOT with classifier  to /dk.sdu.bdd.text/target/classes
2024-01-19 18:07:39,365 [Worker-11: Building] INFO  o.e.m.c.i.p.WorkspaceClassifierResolverManager - Resolving P/dk.sdu.bdd.text.ide: dk.sdu.bdd.xtext:dk.sdu.bdd.xtext.ide:1.0.0-SNAPSHOT with classifier  to /dk.sdu.bdd.text.ide/target/classes
2024-01-22 15:19:51,484 [Worker-6: Loading available Gradle versions] INFO  o.e.b.c.i.u.g.PublishedGradleVersions - Gradle version information cache is up-to-date. Trying to read.
2024-01-23 21:37:31,308 [Worker-6: Loading available Gradle versions] INFO  o.e.b.c.i.u.g.PublishedGradleVersions - Gradle version information cache is out-of-date. Trying to update.
2024-03-06 15:56:08,594 [Worker-9: Loading available Gradle versions] INFO  o.e.b.c.i.u.g.PublishedGradleVersions - Gradle version information cache is up-to-date. Trying to read.
2024-03-06 16:07:27,930 [JmDNS(SDU-134054-c-sdu-dk.local.).State.Timer] WARN  j.j.impl.tasks.state.DNSStateTask - Canceler(SDU-134054-c-sdu-dk.local.).run() exception 
java.net.NoRouteToHostException: No route to host: no further information
	at java.base/sun.nio.ch.DatagramChannelImpl.send0(Native Method)
	at java.base/sun.nio.ch.DatagramChannelImpl.sendFromNativeBuffer(DatagramChannelImpl.java:901)
	at java.base/sun.nio.ch.DatagramChannelImpl.send(DatagramChannelImpl.java:863)
	at java.base/sun.nio.ch.DatagramChannelImpl.send(DatagramChannelImpl.java:821)
	at java.base/sun.nio.ch.DatagramChannelImpl.blockingSend(DatagramChannelImpl.java:853)
	at java.base/sun.nio.ch.DatagramSocketAdaptor.send(DatagramSocketAdaptor.java:218)
	at java.base/java.net.DatagramSocket.send(DatagramSocket.java:664)
	at javax.jmdns.impl.JmDNSImpl.send(JmDNSImpl.java:1665)
	at javax.jmdns.impl.tasks.state.DNSStateTask.run(DNSStateTask.java:131)
	at java.base/java.util.TimerThread.mainLoop(Timer.java:566)
	at java.base/java.util.TimerThread.run(Timer.java:516)
2024-03-06 16:07:32,948 [Multihomed mDNS.Timer] WARN  j.j.i.DNSStatefulObject$DefaultImplementation - Wait for canceled timed out: DNS: SDU-134054-c-sdu-dk.local. [SDU-134054.c.sdu.dk/fe80:0:0:0:8718:5e40:99db:bee7%eth20] state: canceling 1 task: null
2024-03-06 16:07:33,963 [JmDNS(SDU-134054-c-sdu-dk.local.).State.Timer] WARN  j.j.impl.tasks.state.DNSStateTask - Canceler(SDU-134054-c-sdu-dk.local.).run() exception 
java.net.NoRouteToHostException: No route to host: no further information
	at java.base/sun.nio.ch.DatagramChannelImpl.send0(Native Method)
	at java.base/sun.nio.ch.DatagramChannelImpl.sendFromNativeBuffer(DatagramChannelImpl.java:901)
	at java.base/sun.nio.ch.DatagramChannelImpl.send(DatagramChannelImpl.java:863)
	at java.base/sun.nio.ch.DatagramChannelImpl.send(DatagramChannelImpl.java:821)
	at java.base/sun.nio.ch.DatagramChannelImpl.blockingSend(DatagramChannelImpl.java:853)
	at java.base/sun.nio.ch.DatagramSocketAdaptor.send(DatagramSocketAdaptor.java:218)
	at java.base/java.net.DatagramSocket.send(DatagramSocket.java:664)
	at javax.jmdns.impl.JmDNSImpl.send(JmDNSImpl.java:1665)
	at javax.jmdns.impl.tasks.state.DNSStateTask.run(DNSStateTask.java:131)
	at java.base/java.util.TimerThread.mainLoop(Timer.java:566)
	at java.base/java.util.TimerThread.run(Timer.java:516)
2024-03-06 16:07:38,988 [Multihomed mDNS.Timer] WARN  j.j.i.DNSStatefulObject$DefaultImplementation - Wait for canceled timed out: DNS: SDU-134054-c-sdu-dk.local. [SDU-134054.c.sdu.dk/172.30.224.1] state: canceling 1 task: null
2024-03-09 18:13:27,794 [Worker-2: Loading available Gradle versions] INFO  o.e.b.c.i.u.g.PublishedGradleVersions - Gradle version information cache is out-of-date. Trying to update.
2024-03-09 18:29:23,916 [Worker-48: Updating Maven Dependencies] INFO  o.e.m.c.i.l.LifecycleMappingFactory - Using DEFAULT lifecycle mapping for MavenProject: dk.sdu.bdd.xtext:dk.sdu.bdd.xtext.ide:1.0.0-SNAPSHOT @ C:\Users\ansil\eclipse-workspace\DSL_ICASE2024\DSL_ICASE2024\dk.sdu.bdd.xtext.parent\dk.sdu.bdd.xtext.ide\pom.xml.
2024-03-09 18:29:25,910 [Worker-48: Updating Maven Dependencies] INFO  o.e.m.c.i.l.LifecycleMappingFactory - Using org.eclipse.m2e.jdt.JarLifecycleMapping lifecycle mapping for MavenProject: dk.sdu.bdd.xtext:dk.sdu.bdd.xtext.web:1.0.0-SNAPSHOT @ C:\Users\ansil\eclipse-workspace\DSL_ICASE2024\DSL_ICASE2024\dk.sdu.bdd.xtext.parent\dk.sdu.bdd.xtext.web\pom.xml.
2024-03-09 18:29:26,824 [Worker-48: Updating Maven Dependencies] INFO  o.e.m.c.i.p.WorkspaceClassifierResolverManager - Resolving P/dk.sdu.bdd.text: dk.sdu.bdd.xtext:dk.sdu.bdd.xtext:1.0.0-SNAPSHOT with classifier  to /dk.sdu.bdd.text/target/classes
2024-03-09 18:29:26,824 [Worker-48: Updating Maven Dependencies] INFO  o.e.m.c.i.p.WorkspaceClassifierResolverManager - Resolving P/dk.sdu.bdd.text.ide: dk.sdu.bdd.xtext:dk.sdu.bdd.xtext.ide:1.0.0-SNAPSHOT with classifier  to /dk.sdu.bdd.text.ide/target/classes
2024-03-09 18:29:26,935 [Worker-48: Updating Maven Dependencies] INFO  o.e.m.c.i.l.LifecycleMappingFactory - Using DEFAULT lifecycle mapping for MavenProject: dk.sdu.bdd.xtext:dk.sdu.bdd.xtext.ui:1.0.0-SNAPSHOT @ C:\Users\ansil\eclipse-workspace\DSL_ICASE2024\DSL_ICASE2024\dk.sdu.bdd.xtext.parent\dk.sdu.bdd.xtext.ui\pom.xml.
2024-03-09 18:29:27,041 [Worker-48: Updating Maven Dependencies] INFO  o.e.m.c.i.l.LifecycleMappingFactory - Using DEFAULT lifecycle mapping for MavenProject: dk.sdu.bdd.xtext:dk.sdu.bdd.xtext:1.0.0-SNAPSHOT @ C:\Users\ansil\eclipse-workspace\DSL_ICASE2024\DSL_ICASE2024\dk.sdu.bdd.xtext.parent\dk.sdu.bdd.xtext\pom.xml.
2024-03-09 18:29:27,110 [Worker-48: Updating Maven Dependencies] INFO  o.e.m.c.i.l.LifecycleMappingFactory - Using org.eclipse.m2e.jdt.JarLifecycleMapping lifecycle mapping for MavenProject: dk.sdu.bdd.xtext:dk.sdu.bdd.xtext.web:1.0.0-SNAPSHOT @ C:\Users\ansil\eclipse-workspace\DSL_ICASE2024\DSL_ICASE2024\dk.sdu.bdd.xtext.parent\dk.sdu.bdd.xtext.web\pom.xml.
2024-03-09 18:29:27,116 [Worker-48: Updating Maven Dependencies] INFO  o.e.m.c.i.p.WorkspaceClassifierResolverManager - Resolving P/dk.sdu.bdd.text: dk.sdu.bdd.xtext:dk.sdu.bdd.xtext:1.0.0-SNAPSHOT with classifier  to /dk.sdu.bdd.text/target/classes
2024-03-09 18:29:27,116 [Worker-48: Updating Maven Dependencies] INFO  o.e.m.c.i.p.WorkspaceClassifierResolverManager - Resolving P/dk.sdu.bdd.text.ide: dk.sdu.bdd.xtext:dk.sdu.bdd.xtext.ide:1.0.0-SNAPSHOT with classifier  to /dk.sdu.bdd.text.ide/target/classes
2024-03-09 19:02:55,200 [JmDNS(SDU-134054-c-sdu-dk.local.).State.Timer] WARN  j.j.impl.tasks.state.DNSStateTask - Canceler(SDU-134054-c-sdu-dk.local.).run() exception 
java.net.NoRouteToHostException: No route to host: no further information
	at java.base/sun.nio.ch.DatagramChannelImpl.send0(Native Method)
	at java.base/sun.nio.ch.DatagramChannelImpl.sendFromNativeBuffer(DatagramChannelImpl.java:901)
	at java.base/sun.nio.ch.DatagramChannelImpl.send(DatagramChannelImpl.java:863)
	at java.base/sun.nio.ch.DatagramChannelImpl.send(DatagramChannelImpl.java:821)
	at java.base/sun.nio.ch.DatagramChannelImpl.blockingSend(DatagramChannelImpl.java:853)
	at java.base/sun.nio.ch.DatagramSocketAdaptor.send(DatagramSocketAdaptor.java:218)
	at java.base/java.net.DatagramSocket.send(DatagramSocket.java:664)
	at javax.jmdns.impl.JmDNSImpl.send(JmDNSImpl.java:1665)
	at javax.jmdns.impl.tasks.state.DNSStateTask.run(DNSStateTask.java:131)
	at java.base/java.util.TimerThread.mainLoop(Timer.java:566)
	at java.base/java.util.TimerThread.run(Timer.java:516)
2024-03-09 19:03:00,212 [Multihomed mDNS.Timer] WARN  j.j.i.DNSStatefulObject$DefaultImplementation - Wait for canceled timed out: DNS: SDU-134054-c-sdu-dk.local. [SDU-134054.c.sdu.dk/fe80:0:0:0:5fd3:82aa:f1ac:25cd%eth15] state: canceling 1 task: null
2024-03-09 19:03:01,220 [JmDNS(SDU-134054-c-sdu-dk.local.).State.Timer] WARN  j.j.impl.tasks.state.DNSStateTask - Canceler(SDU-134054-c-sdu-dk.local.).run() exception 
java.net.NoRouteToHostException: No route to host: no further information
	at java.base/sun.nio.ch.DatagramChannelImpl.send0(Native Method)
	at java.base/sun.nio.ch.DatagramChannelImpl.sendFromNativeBuffer(DatagramChannelImpl.java:901)
	at java.base/sun.nio.ch.DatagramChannelImpl.send(DatagramChannelImpl.java:863)
	at java.base/sun.nio.ch.DatagramChannelImpl.send(DatagramChannelImpl.java:821)
	at java.base/sun.nio.ch.DatagramChannelImpl.blockingSend(DatagramChannelImpl.java:853)
	at java.base/sun.nio.ch.DatagramSocketAdaptor.send(DatagramSocketAdaptor.java:218)
	at java.base/java.net.DatagramSocket.send(DatagramSocket.java:664)
	at javax.jmdns.impl.JmDNSImpl.send(JmDNSImpl.java:1665)
	at javax.jmdns.impl.tasks.state.DNSStateTask.run(DNSStateTask.java:131)
	at java.base/java.util.TimerThread.mainLoop(Timer.java:566)
	at java.base/java.util.TimerThread.run(Timer.java:516)
2024-03-09 19:03:06,231 [Multihomed mDNS.Timer] WARN  j.j.i.DNSStatefulObject$DefaultImplementation - Wait for canceled timed out: DNS: SDU-134054-c-sdu-dk.local. [SDU-134054.c.sdu.dk/172.18.192.1] state: canceling 1 task: null
2024-03-09 20:18:00,244 [Multihomed mDNS.Timer] WARN  j.j.i.DNSStatefulObject$DefaultImplementation - Wait for canceled timed out: DNS: SDU-134054-c-sdu-dk.local. [SDU-134054.c.sdu.dk/fe80:0:0:0:7498:e706:c95d:95de%eth15] state: canceling 1 task: Canceler(SDU-134054-c-sdu-dk.local.) state: canceling 1
2024-03-09 20:18:06,259 [Multihomed mDNS.Timer] WARN  j.j.i.DNSStatefulObject$DefaultImplementation - Wait for canceled timed out: DNS: SDU-134054-c-sdu-dk.local. [SDU-134054.c.sdu.dk/fe80:0:0:0:8398:3405:b3df:a63a%eth20] state: canceling 1 task: Canceler(SDU-134054-c-sdu-dk.local.) state: canceling 1
2024-03-09 20:18:12,303 [Multihomed mDNS.Timer] WARN  j.j.i.DNSStatefulObject$DefaultImplementation - Wait for canceled timed out: DNS: SDU-134054-c-sdu-dk.local. [SDU-134054.c.sdu.dk/172.26.224.1] state: canceling 1 task: Canceler(SDU-134054-c-sdu-dk.local.) state: canceling 1
2024-03-10 09:24:39,689 [Worker-2: Loading available Gradle versions] INFO  o.e.b.c.i.u.g.PublishedGradleVersions - Gradle version information cache is up-to-date. Trying to read.
2024-03-10 10:13:28,050 [Multihomed mDNS.Timer] WARN  j.j.i.DNSStatefulObject$DefaultImplementation - Wait for canceled timed out: DNS: SDU-134054-c-sdu-dk.local. [SDU-134054.c.sdu.dk/10.94.148.76] state: canceling 1 task: Canceler(SDU-134054-c-sdu-dk.local.) state: canceling 1
2024-03-10 10:13:34,093 [Multihomed mDNS.Timer] WARN  j.j.i.DNSStatefulObject$DefaultImplementation - Wait for canceled timed out: DNS: SDU-134054-c-sdu-dk.local. [SDU-134054.c.sdu.dk/fe80:0:0:0:f04b:b91f:a8c3:8130%eth23] state: canceling 1 task: Canceler(SDU-134054-c-sdu-dk.local.) state: canceling 1
2024-03-10 10:13:40,113 [Multihomed mDNS.Timer] WARN  j.j.i.DNSStatefulObject$DefaultImplementation - Wait for canceled timed out: DNS: SDU-134054-c-sdu-dk.local. [SDU-134054.c.sdu.dk/172.18.144.1] state: canceling 1 task: Canceler(SDU-134054-c-sdu-dk.local.) state: canceling 1
2024-03-10 10:13:46,134 [Multihomed mDNS.Timer] WARN  j.j.i.DNSStatefulObject$DefaultImplementation - Wait for canceled timed out: DNS: SDU-134054-c-sdu-dk.local. [SDU-134054.c.sdu.dk/fe80:0:0:0:a3b7:2d4c:3ea1:9036%eth9] state: canceling 1 task: Canceler(SDU-134054-c-sdu-dk.local.) state: canceling 1
2024-03-10 10:13:52,161 [Multihomed mDNS.Timer] WARN  j.j.i.DNSStatefulObject$DefaultImplementation - Wait for canceled timed out: DNS: SDU-134054-c-sdu-dk.local. [SDU-134054.c.sdu.dk/192.168.1.111] state: canceling 1 task: Canceler(SDU-134054-c-sdu-dk.local.) state: canceling 1
2024-03-10 10:13:58,189 [Multihomed mDNS.Timer] WARN  j.j.i.DNSStatefulObject$DefaultImplementation - Wait for canceled timed out: DNS: SDU-134054-c-sdu-dk.local. [SDU-134054.c.sdu.dk/fe80:0:0:0:3490:c891:96fa:c656%eth18] state: canceling 1 task: Canceler(SDU-134054-c-sdu-dk.local.) state: canceling 1
2024-03-10 10:14:04,211 [Multihomed mDNS.Timer] WARN  j.j.i.DNSStatefulObject$DefaultImplementation - Wait for canceled timed out: DNS: SDU-134054-c-sdu-dk.local. [SDU-134054.c.sdu.dk/fe80:0:0:0:58f6:c7f3:79c7:ba50%eth9] state: canceling 1 task: Canceler(SDU-134054-c-sdu-dk.local.) state: canceling 1
2024-03-10 10:39:37,826 [JmDNS(SDU-134054-c-sdu-dk.local.).State.Timer] WARN  j.j.impl.tasks.state.DNSStateTask - Renewer(SDU-134054-c-sdu-dk.local.).run() exception 
java.net.NoRouteToHostException: No route to host: no further information
	at java.base/sun.nio.ch.DatagramChannelImpl.send0(Native Method)
	at java.base/sun.nio.ch.DatagramChannelImpl.sendFromNativeBuffer(DatagramChannelImpl.java:901)
	at java.base/sun.nio.ch.DatagramChannelImpl.send(DatagramChannelImpl.java:863)
	at java.base/sun.nio.ch.DatagramChannelImpl.send(DatagramChannelImpl.java:821)
	at java.base/sun.nio.ch.DatagramChannelImpl.blockingSend(DatagramChannelImpl.java:853)
	at java.base/sun.nio.ch.DatagramSocketAdaptor.send(DatagramSocketAdaptor.java:218)
	at java.base/java.net.DatagramSocket.send(DatagramSocket.java:664)
	at javax.jmdns.impl.JmDNSImpl.send(JmDNSImpl.java:1665)
	at javax.jmdns.impl.tasks.state.DNSStateTask.run(DNSStateTask.java:131)
	at java.base/java.util.TimerThread.mainLoop(Timer.java:566)
	at java.base/java.util.TimerThread.run(Timer.java:516)
2024-03-10 10:39:37,833 [SDU-134054-c-sdu-dk.local..recover()] WARN  javax.jmdns.impl.JmDNSImpl - RECOVERING
2024-03-10 10:39:37,835 [JmDNS(SDU-134054-c-sdu-dk.local.).State.Timer] WARN  j.j.impl.tasks.state.DNSStateTask - Canceler(SDU-134054-c-sdu-dk.local.).run() exception 
java.net.NoRouteToHostException: No route to host: no further information
	at java.base/sun.nio.ch.DatagramChannelImpl.send0(Native Method)
	at java.base/sun.nio.ch.DatagramChannelImpl.sendFromNativeBuffer(DatagramChannelImpl.java:901)
	at java.base/sun.nio.ch.DatagramChannelImpl.send(DatagramChannelImpl.java:863)
	at java.base/sun.nio.ch.DatagramChannelImpl.send(DatagramChannelImpl.java:821)
	at java.base/sun.nio.ch.DatagramChannelImpl.blockingSend(DatagramChannelImpl.java:853)
	at java.base/sun.nio.ch.DatagramSocketAdaptor.send(DatagramSocketAdaptor.java:218)
	at java.base/java.net.DatagramSocket.send(DatagramSocket.java:664)
	at javax.jmdns.impl.JmDNSImpl.send(JmDNSImpl.java:1665)
	at javax.jmdns.impl.tasks.state.DNSStateTask.run(DNSStateTask.java:131)
	at java.base/java.util.TimerThread.mainLoop(Timer.java:566)
	at java.base/java.util.TimerThread.run(Timer.java:516)
2024-03-10 10:39:42,848 [SDU-134054-c-sdu-dk.local..recover()] WARN  j.j.i.DNSStatefulObject$DefaultImplementation - Wait for canceled timed out: DNS: SDU-134054-c-sdu-dk.local. [SDU-134054.c.sdu.dk/172.25.240.1] state: canceling 1 task: null
2024-03-10 10:39:43,861 [SDU-134054-c-sdu-dk.local..recover()] WARN  javax.jmdns.impl.JmDNSImpl - SDU-134054-c-sdu-dk.local..recover() Could not recover we are Down!
2024-03-10 13:58:48,407 [Multihomed mDNS.Timer] WARN  j.j.i.DNSStatefulObject$DefaultImplementation - Wait for canceled timed out: DNS: SDU-134054-c-sdu-dk.local. [SDU-134054.c.sdu.dk/fe80:0:0:0:831c:5d9c:83a4:71cc%wlan2] state: canceling 1 task: Canceler(SDU-134054-c-sdu-dk.local.) state: canceling 1
2024-03-10 13:58:54,422 [Multihomed mDNS.Timer] WARN  j.j.i.DNSStatefulObject$DefaultImplementation - Wait for canceled timed out: DNS: SDU-134054-c-sdu-dk.local. [SDU-134054.c.sdu.dk/10.94.22.114] state: canceling 1 task: Canceler(SDU-134054-c-sdu-dk.local.) state: canceling 1
2024-03-10 16:56:18,793 [Multihomed mDNS.Timer] WARN  j.j.i.DNSStatefulObject$DefaultImplementation - Wait for canceled timed out: DNS: SDU-134054-c-sdu-dk.local. [SDU-134054.c.sdu.dk/fe80:0:0:0:9917:d70b:3d46:3fbe%eth3] state: canceling 1 task: Canceler(SDU-134054-c-sdu-dk.local.) state: canceling 1
